2024-03-21 16:44:22,502 - INFO - --------Начало цикла--------
2024-03-21 16:44:41,317 - INFO - position: 15, 478
2024-03-21 16:44:41,936 - INFO - Найдена картинка Изменить свойства, кликаем на него
2024-03-21 16:44:42,106 - INFO - position: 864, 960
2024-03-21 16:44:42,718 - INFO - Нашли запрет приема платежей без галочки, кликаем по нему
2024-03-21 16:44:43,318 - INFO - Скролим вниз страницы
2024-03-21 16:44:43,434 - INFO - position: 1099, 970
2024-03-21 16:44:44,035 - INFO - Нашли сохранить и кликнули по ней
2024-03-21 16:44:45,327 - INFO - position: 15, 478
2024-03-21 16:44:45,932 - INFO - Нашли свойства 2
2024-03-21 16:44:46,069 - INFO - position: 1172, 365
2024-03-21 16:44:46,680 - INFO - Нашли изменение класса и кликнули по нему
2024-03-21 16:44:46,859 - INFO - position: 948, 387
2024-03-21 16:44:47,463 - INFO - Нашли кнопку удаление и кликаем по ней
2024-03-21 16:44:47,596 - INFO - position: 17, 385
2024-03-21 16:44:48,212 - INFO - Нашли основную информацию, кликаем на нее
2024-03-21 16:44:48,713 - INFO - Скриншот удаленной учетки
2024-03-21 16:44:48,822 - INFO - --------Начало цикла--------
2024-03-21 16:46:06,928 - INFO - --------Начало цикла--------
2024-03-21 16:46:08,110 - INFO - position: 15, 462
2024-03-21 16:46:08,717 - INFO - Найдена картинка Изменить свойства, кликаем на него
2024-03-21 16:46:08,875 - INFO - position: 864, 944
2024-03-21 16:46:09,484 - INFO - Нашли запрет приема платежей без галочки, кликаем по нему
2024-03-21 16:46:10,085 - INFO - Скролим вниз страницы
2024-03-21 16:46:10,293 - INFO - position: 1099, 970
2024-03-21 16:46:10,896 - INFO - Нашли сохранить и кликнули по ней
2024-03-21 16:46:12,199 - INFO - position: 15, 462
2024-03-21 16:46:12,816 - INFO - Нашли свойства 2
2024-03-21 16:46:12,983 - INFO - position: 1172, 349
2024-03-21 16:46:13,598 - INFO - Нашли изменение класса и кликнули по нему
2024-03-21 16:46:13,732 - INFO - position: 948, 371
2024-03-21 16:46:14,348 - INFO - Нашли кнопку удаление и кликаем по ней
2024-03-21 16:46:14,515 - INFO - position: 17, 369
2024-03-21 16:46:15,132 - INFO - Нашли основную информацию, кликаем на нее
2024-03-21 16:46:15,632 - INFO - Скриншот удаленной учетки
2024-03-21 16:54:50,542 - INFO - --------Начало цикла--------
2024-03-21 16:54:51,742 - INFO - position: 15, 478
2024-03-21 16:54:52,356 - INFO - Найдена картинка Изменить свойства, кликаем на него
2024-03-21 16:54:52,496 - INFO - position: 864, 960
2024-03-21 16:54:53,107 - INFO - Нашли запрет приема платежей без галочки, кликаем по нему
2024-03-21 16:54:53,709 - INFO - Скролим вниз страницы
2024-03-21 16:54:53,855 - INFO - position: 1099, 970
2024-03-21 16:54:54,456 - INFO - Нашли сохранить и кликнули по ней
2024-03-21 16:54:55,743 - INFO - position: 15, 478
2024-03-21 16:54:56,355 - INFO - Нашли свойства 2
2024-03-21 16:54:56,481 - INFO - position: 1172, 365
2024-03-21 16:54:57,088 - INFO - Нашли изменение класса и кликнули по нему
2024-03-21 16:54:57,252 - INFO - position: 948, 387
2024-03-21 16:54:57,870 - INFO - Нашли кнопку удаление и кликаем по ней
2024-03-21 16:54:58,035 - INFO - position: 17, 385
2024-03-21 16:54:58,637 - INFO - Нашли основную информацию, кликаем на нее
2024-03-21 16:54:59,139 - INFO - Скриншот удаленной учетки
2024-03-21 16:55:17,754 - INFO - --------Начало цикла--------
2024-03-21 16:55:18,919 - INFO - position: 15, 478
2024-03-21 16:55:19,528 - INFO - Найдена картинка Изменить свойства, кликаем на него
2024-03-21 16:55:19,701 - INFO - position: 864, 960
2024-03-21 16:55:20,311 - INFO - Нашли запрет приема платежей без галочки, кликаем по нему
2024-03-21 16:55:20,914 - INFO - Скролим вниз страницы
2024-03-21 16:55:21,008 - INFO - position: 1099, 970
2024-03-21 16:55:21,611 - INFO - Нашли сохранить и кликнули по ней
2024-03-21 16:55:22,895 - INFO - position: 15, 478
2024-03-21 16:55:23,509 - INFO - Нашли свойства 2
2024-03-21 16:55:23,647 - INFO - position: 1172, 365
2024-03-21 16:55:24,260 - INFO - Нашли изменение класса и кликнули по нему
2024-03-21 16:55:24,421 - INFO - position: 948, 387
2024-03-21 16:55:25,025 - INFO - Нашли кнопку удаление и кликаем по ней
2024-03-21 16:55:25,174 - INFO - position: 17, 385
2024-03-21 16:55:25,792 - INFO - Нашли основную информацию, кликаем на нее
2024-03-21 16:55:26,292 - INFO - Скриншот удаленной учетки
2024-03-21 16:56:01,575 - INFO - --------Начало цикла--------
2024-03-21 16:56:02,781 - INFO - position: 15, 462
2024-03-21 16:56:03,392 - INFO - Найдена картинка Изменить свойства, кликаем на него
2024-03-21 16:56:03,510 - INFO - position: 864, 944
2024-03-21 16:56:04,126 - INFO - Нашли запрет приема платежей без галочки, кликаем по нему
2024-03-21 16:56:04,728 - INFO - Скролим вниз страницы
2024-03-21 16:56:04,849 - INFO - position: 1099, 970
2024-03-21 16:56:05,450 - INFO - Нашли сохранить и кликнули по ней
2024-03-21 16:56:06,768 - INFO - position: 15, 462
2024-03-21 16:56:07,374 - INFO - Нашли свойства 2
2024-03-21 16:56:07,489 - INFO - position: 1172, 349
2024-03-21 16:56:08,107 - INFO - Нашли изменение класса и кликнули по нему
2024-03-21 16:56:08,285 - INFO - position: 948, 371
2024-03-21 16:56:08,890 - INFO - Нашли кнопку удаление и кликаем по ней
2024-03-21 16:56:09,040 - INFO - position: 17, 369
2024-03-21 16:56:09,657 - INFO - Нашли основную информацию, кликаем на нее
2024-03-21 16:56:10,158 - INFO - Скриншот удаленной учетки
2024-03-21 16:58:07,350 - INFO - --------Начало цикла--------
2024-03-21 16:58:08,584 - INFO - position: 15, 478
2024-03-21 16:58:09,200 - INFO - Найдена картинка Изменить свойства, кликаем на него
2024-03-21 16:58:09,317 - INFO - position: 864, 960
2024-03-21 16:58:09,933 - INFO - Нашли запрет приема платежей без галочки, кликаем по нему
2024-03-21 16:58:10,536 - INFO - Скролим вниз страницы
2024-03-21 16:58:10,710 - INFO - position: 1099, 970
2024-03-21 16:58:11,313 - INFO - Нашли сохранить и кликнули по ней
2024-03-21 16:58:12,645 - INFO - position: 15, 478
2024-03-21 16:58:13,252 - INFO - Нашли свойства 2
2024-03-21 16:58:13,355 - INFO - position: 1172, 365
2024-03-21 16:58:13,966 - INFO - Нашли изменение класса и кликнули по нему
2024-03-21 16:58:14,141 - INFO - position: 948, 387
2024-03-21 16:58:14,750 - INFO - Нашли кнопку удаление и кликаем по ней
2024-03-21 16:58:14,907 - INFO - position: 17, 385
2024-03-21 16:58:15,517 - INFO - Нашли основную информацию, кликаем на нее
2024-03-21 16:58:16,018 - INFO - Скриншот удаленной учетки
2024-03-21 17:00:54,069 - INFO - --------Начало цикла--------
2024-03-21 17:00:55,252 - INFO - position: 15, 478
2024-03-21 17:00:55,869 - INFO - Найдена картинка Изменить свойства, кликаем на него
2024-03-21 17:00:56,041 - INFO - position: 864, 960
2024-03-21 17:00:56,652 - INFO - Нашли запрет приема платежей без галочки, кликаем по нему
2024-03-21 17:00:57,254 - INFO - Скролим вниз страницы
2024-03-21 17:00:57,388 - INFO - position: 1099, 970
2024-03-21 17:00:57,991 - INFO - Нашли сохранить и кликнули по ней
2024-03-21 17:00:59,255 - INFO - position: 15, 478
2024-03-21 17:00:59,869 - INFO - Нашли свойства 2
2024-03-21 17:01:00,019 - INFO - position: 1172, 365
2024-03-21 17:01:00,634 - INFO - Нашли изменение класса и кликнули по нему
2024-03-21 17:01:00,781 - INFO - position: 948, 387
2024-03-21 17:01:01,384 - INFO - Нашли кнопку удаление и кликаем по ней
2024-03-21 17:01:01,532 - INFO - position: 17, 385
2024-03-21 17:01:02,153 - INFO - Нашли основную информацию, кликаем на нее
2024-03-21 17:01:02,654 - INFO - Скриншот удаленной учетки
2024-03-21 17:01:24,080 - INFO - --------Начало цикла--------
2024-03-21 17:01:25,271 - INFO - position: 15, 462
2024-03-21 17:01:25,881 - INFO - Найдена картинка Изменить свойства, кликаем на него
2024-03-21 17:01:26,069 - INFO - position: 864, 944
2024-03-21 17:01:26,679 - INFO - Нашли запрет приема платежей без галочки, кликаем по нему
2024-03-21 17:01:27,281 - INFO - Скролим вниз страницы
2024-03-21 17:01:27,406 - INFO - position: 1099, 970
2024-03-21 17:01:28,007 - INFO - Нашли сохранить и кликнули по ней
2024-03-21 17:01:29,356 - INFO - position: 15, 462
2024-03-21 17:01:29,963 - INFO - Нашли свойства 2
2024-03-21 17:01:30,082 - INFO - position: 1172, 349
2024-03-21 17:01:30,696 - INFO - Нашли изменение класса и кликнули по нему
2024-03-21 17:01:30,860 - INFO - position: 948, 371
2024-03-21 17:01:31,479 - INFO - Нашли кнопку удаление и кликаем по ней
2024-03-21 17:01:31,592 - INFO - position: 17, 369
2024-03-21 17:01:32,196 - INFO - Нашли основную информацию, кликаем на нее
2024-03-21 17:01:32,697 - INFO - Скриншот удаленной учетки
2024-03-21 17:02:36,701 - INFO - --------Начало цикла--------
2024-03-21 17:02:36,890 - INFO - position: 15, 478
2024-03-21 17:02:37,502 - INFO - Найдена картинка Изменить свойства, кликаем на него
2024-03-21 17:02:37,666 - INFO - position: 864, 960
2024-03-21 17:02:38,285 - INFO - Нашли запрет приема платежей без галочки, кликаем по нему
2024-03-21 17:02:38,887 - INFO - Скролим вниз страницы
2024-03-21 17:02:39,029 - INFO - position: 1099, 970
2024-03-21 17:02:39,631 - INFO - Нашли сохранить и кликнули по ней
2024-03-21 17:02:40,886 - INFO - position: 15, 478
2024-03-21 17:02:41,501 - INFO - Нашли свойства 2
2024-03-21 17:02:41,626 - INFO - position: 1172, 365
2024-03-21 17:02:42,235 - INFO - Нашли изменение класса и кликнули по нему
2024-03-21 17:02:42,403 - INFO - position: 948, 387
2024-03-21 17:02:43,019 - INFO - Нашли кнопку удаление и кликаем по ней
2024-03-21 17:02:43,154 - INFO - position: 17, 385
2024-03-21 17:02:43,769 - INFO - Нашли основную информацию, кликаем на нее
2024-03-21 17:02:44,270 - INFO - Скриншот удаленной учетки
2024-03-21 17:03:27,560 - INFO - --------Начало цикла--------
2024-03-21 17:03:27,743 - INFO - position: 15, 462
2024-03-21 17:03:28,348 - INFO - Найдена картинка Изменить свойства, кликаем на него
2024-03-21 17:03:28,463 - INFO - position: 864, 944
2024-03-21 17:03:29,081 - INFO - Нашли запрет приема платежей без галочки, кликаем по нему
2024-03-21 17:03:29,683 - INFO - Скролим вниз страницы
2024-03-21 17:03:29,778 - INFO - position: 1099, 970
2024-03-21 17:03:30,381 - INFO - Нашли сохранить и кликнули по ней
2024-03-21 17:03:31,694 - INFO - position: 15, 462
2024-03-21 17:03:32,297 - INFO - Нашли свойства 2
2024-03-21 17:03:32,400 - INFO - position: 1172, 349
2024-03-21 17:03:33,014 - INFO - Нашли изменение класса и кликнули по нему
2024-03-21 17:03:33,144 - INFO - position: 948, 371
2024-03-21 17:03:33,747 - INFO - Нашли кнопку удаление и кликаем по ней
2024-03-21 17:03:33,894 - INFO - position: 17, 369
2024-03-21 17:03:34,496 - INFO - Нашли основную информацию, кликаем на нее
2024-03-21 17:03:34,999 - INFO - Скриншот удаленной учетки
2024-03-21 17:03:38,335 - INFO - --------Начало цикла--------
2024-03-21 17:03:38,491 - INFO - position: 15, 478
2024-03-21 17:03:39,097 - INFO - Найдена картинка Изменить свойства, кликаем на него
2024-03-21 17:03:57,733 - INFO - position: 864, 960
2024-03-21 17:03:58,345 - INFO - Нашли запрет приема платежей без галочки, кликаем по нему
2024-03-21 17:03:58,948 - INFO - Скролим вниз страницы
2024-03-21 17:03:59,054 - INFO - position: 1099, 970
2024-03-21 17:03:59,656 - INFO - Нашли сохранить и кликнули по ней
2024-03-21 17:04:00,933 - INFO - position: 15, 478
2024-03-21 17:04:01,545 - INFO - Нашли свойства 2
2024-03-21 17:04:01,669 - INFO - position: 1172, 365
2024-03-21 17:04:02,279 - INFO - Нашли изменение класса и кликнули по нему
2024-03-21 17:04:02,443 - INFO - position: 948, 387
2024-03-21 17:04:03,062 - INFO - Нашли кнопку удаление и кликаем по ней
2024-03-21 17:04:03,185 - INFO - position: 17, 385
2024-03-21 17:04:03,794 - INFO - Нашли основную информацию, кликаем на нее
2024-03-21 17:04:04,295 - INFO - Скриншот удаленной учетки
2024-03-21 17:05:16,503 - INFO - --------Начало цикла--------
2024-03-21 17:05:16,701 - INFO - position: 15, 462
2024-03-21 17:05:17,307 - INFO - Найдена картинка Изменить свойства, кликаем на него
2024-03-21 17:05:17,467 - INFO - position: 864, 944
2024-03-21 17:05:18,072 - INFO - Нашли запрет приема платежей без галочки, кликаем по нему
2024-03-21 17:05:18,675 - INFO - Скролим вниз страницы
2024-03-21 17:05:18,823 - INFO - position: 1099, 970
2024-03-21 17:05:19,425 - INFO - Нашли сохранить и кликнули по ней
2024-03-21 17:05:20,708 - INFO - position: 15, 462
2024-03-21 17:05:21,323 - INFO - Нашли свойства 2
2024-03-21 17:05:21,443 - INFO - position: 1172, 349
2024-03-21 17:05:22,055 - INFO - Нашли изменение класса и кликнули по нему
2024-03-21 17:05:22,179 - INFO - position: 948, 371
2024-03-21 17:05:22,788 - INFO - Нашли кнопку удаление и кликаем по ней
2024-03-21 17:05:22,904 - INFO - position: 17, 369
2024-03-21 17:05:23,522 - INFO - Нашли основную информацию, кликаем на нее
2024-03-21 17:05:24,024 - INFO - Скриншот удаленной учетки
2024-03-21 17:05:46,669 - INFO - --------Начало цикла--------
2024-03-21 17:05:46,841 - INFO - position: 15, 462
2024-03-21 17:05:47,454 - INFO - Найдена картинка Изменить свойства, кликаем на него
2024-03-21 17:05:53,436 - INFO - position: 864, 944
2024-03-21 17:05:54,052 - INFO - Нашли запрет приема платежей без галочки, кликаем по нему
2024-03-21 17:05:54,655 - INFO - Скролим вниз страницы
2024-03-21 17:05:54,819 - INFO - position: 1099, 970
2024-03-21 17:05:55,421 - INFO - Нашли сохранить и кликнули по ней
2024-03-21 17:05:56,700 - INFO - position: 15, 462
2024-03-21 17:05:57,320 - INFO - Нашли свойства 2
2024-03-21 17:05:57,444 - INFO - position: 1172, 349
2024-03-21 17:05:58,053 - INFO - Нашли изменение класса и кликнули по нему
2024-03-21 17:05:58,308 - INFO - position: 948, 371
2024-03-21 17:05:58,919 - INFO - Нашли кнопку удаление и кликаем по ней
2024-03-21 17:05:59,075 - INFO - position: 17, 369
2024-03-21 17:05:59,686 - INFO - Нашли основную информацию, кликаем на нее
2024-03-21 17:06:00,186 - INFO - Скриншот удаленной учетки
2024-03-21 17:18:32,042 - INFO - --------Начало цикла--------
2024-03-21 17:18:32,198 - INFO - position: 15, 462
2024-03-21 17:18:32,811 - INFO - Найдена картинка Изменить свойства, кликаем на него
2024-03-21 17:18:33,681 - INFO - position: 864, 944
2024-03-21 17:18:34,293 - INFO - Нашли запрет приема платежей без галочки, кликаем по нему
2024-03-21 17:18:34,896 - INFO - Скролим вниз страницы
2024-03-21 17:18:35,026 - INFO - position: 1099, 970
2024-03-21 17:18:35,628 - INFO - Нашли сохранить и кликнули по ней
2024-03-21 17:18:36,407 - INFO - position: 15, 462
2024-03-21 17:18:37,010 - INFO - Нашли свойства 2
2024-03-21 17:18:37,117 - INFO - position: 1172, 349
2024-03-21 17:18:37,727 - INFO - Нашли изменение класса и кликнули по нему
2024-03-21 17:18:37,860 - INFO - position: 948, 371
2024-03-21 17:18:38,477 - INFO - Нашли кнопку удаление и кликаем по ней
2024-03-21 17:18:38,660 - INFO - position: 17, 369
2024-03-21 17:18:39,277 - INFO - Нашли основную информацию, кликаем на нее
2024-03-21 17:18:39,778 - INFO - Скриншот удаленной учетки
2024-03-21 17:18:47,777 - INFO - --------Начало цикла--------
2024-03-21 17:18:55,432 - WARNING - Изображение не найдено
2024-03-21 17:18:55,934 - ERROR - не найдена картинка изменить свойства
2024-03-21 17:18:56,435 - INFO - Скриншот удаленной учетки
2024-03-21 17:19:16,153 - INFO - --------Начало цикла--------
2024-03-21 17:19:23,543 - WARNING - Изображение не найдено
2024-03-21 17:19:24,045 - ERROR - не найдена картинка изменить свойства
2024-03-21 17:19:24,546 - INFO - Скриншот удаленной учетки
2024-03-21 17:19:32,545 - INFO - --------Начало цикла--------
2024-03-21 17:19:39,966 - WARNING - Изображение не найдено
2024-03-21 17:19:40,466 - ERROR - не найдена картинка изменить свойства
2024-03-21 17:19:40,968 - INFO - Скриншот удаленной учетки
2024-03-21 17:23:58,534 - INFO - --------Начало цикла--------
2024-03-21 17:24:06,081 - WARNING - Изображение не найдено
2024-03-21 17:24:06,582 - ERROR - не найдена картинка изменить свойства
2024-03-21 17:24:25,873 - INFO - --------Начало цикла--------
2024-03-21 17:24:29,971 - WARNING - Изображение не найдено
2024-03-21 17:24:30,472 - ERROR - не найдена картинка изменить свойства
2024-03-21 17:26:29,326 - INFO - --------Начало цикла--------
2024-03-21 17:26:33,424 - WARNING - Изображение не найдено
2024-03-21 17:26:33,926 - ERROR - не найдена картинка изменить свойства
2024-03-21 17:29:16,994 - INFO - --------Начало цикла--------
2024-03-21 17:29:21,154 - WARNING - Изображение не найдено
2024-03-21 17:29:21,654 - ERROR - не найдена картинка изменить свойства
2024-03-22 08:04:10,161 - INFO - --------Начало цикла--------
2024-03-22 08:04:14,456 - WARNING - Изображение не найдено
2024-03-22 08:04:14,957 - ERROR - не найдена картинка изменить свойства
2024-03-22 08:04:28,248 - INFO - --------Начало цикла--------
2024-03-22 08:04:31,185 - WARNING - Изображение не найдено
2024-03-22 08:04:31,687 - ERROR - не найдена картинка изменить свойства
2024-03-22 08:31:06,840 - INFO - --------Начало цикла--------
2024-03-22 08:31:07,269 - INFO - position: 15, 478
2024-03-22 08:31:07,886 - INFO - Найдена картинка Изменить свойства, кликаем на него
2024-03-22 08:31:08,017 - INFO - position: 864, 960
2024-03-22 08:31:08,637 - INFO - Нашли запрет приема платежей без галочки, кликаем по нему
2024-03-22 08:31:09,240 - INFO - Скролим вниз страницы
2024-03-22 08:31:09,339 - INFO - position: 1099, 970
2024-03-22 08:31:09,942 - INFO - Нашли сохранить и кликнули по ней
2024-03-22 08:31:10,412 - INFO - position: 15, 478
2024-03-22 08:31:11,020 - INFO - Нашли свойства 2
2024-03-22 08:31:11,146 - INFO - position: 1172, 365
2024-03-22 08:31:11,755 - INFO - Нашли изменение класса и кликнули по нему
2024-03-22 08:31:11,877 - INFO - position: 948, 387
2024-03-22 08:31:12,487 - INFO - Нашли кнопку удаление и кликаем по ней
2024-03-22 08:31:12,635 - INFO - position: 17, 385
2024-03-22 08:31:13,253 - INFO - Нашли основную информацию, кликаем на нее
2024-03-22 08:31:13,253 - INFO - Скриншот удаленной учетки
2024-03-22 08:38:40,690 - INFO - --------Начало цикла--------
2024-03-22 08:38:40,887 - INFO - position: 15, 462
2024-03-22 08:38:41,506 - INFO - Найдена картинка Изменить свойства, кликаем на него
2024-03-22 08:38:41,627 - INFO - position: 864, 944
2024-03-22 08:38:42,239 - INFO - Нашли запрет приема платежей без галочки, кликаем по нему
2024-03-22 08:38:42,842 - INFO - Скролим вниз страницы
2024-03-22 08:38:42,934 - INFO - position: 1099, 970
2024-03-22 08:38:43,539 - INFO - Нашли сохранить и кликнули по ней
2024-03-22 08:38:44,008 - INFO - position: 15, 462
2024-03-22 08:38:44,624 - INFO - Нашли свойства 2
2024-03-22 08:38:44,750 - INFO - position: 1172, 349
2024-03-22 08:38:45,355 - INFO - Нашли изменение класса и кликнули по нему
2024-03-22 08:38:45,489 - INFO - position: 948, 371
2024-03-22 08:38:46,106 - INFO - Нашли кнопку удаление и кликаем по ней
2024-03-22 08:38:46,263 - INFO - position: 17, 369
2024-03-22 08:38:46,872 - INFO - Нашли основную информацию, кликаем на нее
2024-03-22 08:38:46,872 - INFO - Скриншот удаленной учетки
2024-03-22 08:43:55,233 - INFO - --------Начало цикла--------
2024-03-22 08:43:55,474 - INFO - position: 15, 478
2024-03-22 08:43:56,079 - INFO - Найдена картинка Изменить свойства, кликаем на него
2024-03-22 08:43:56,231 - INFO - position: 864, 960
2024-03-22 08:43:56,845 - INFO - Нашли запрет приема платежей без галочки, кликаем по нему
2024-03-22 08:43:57,447 - INFO - Скролим вниз страницы
2024-03-22 08:43:57,577 - INFO - position: 1099, 970
2024-03-22 08:43:58,180 - INFO - Нашли сохранить и кликнули по ней
2024-03-22 08:43:58,964 - INFO - position: 15, 478
2024-03-22 08:43:59,579 - INFO - Нашли свойства 2
2024-03-22 08:43:59,688 - INFO - position: 1172, 365
2024-03-22 08:44:00,296 - INFO - Нашли изменение класса и кликнули по нему
2024-03-22 08:44:00,419 - INFO - position: 948, 387
2024-03-22 08:44:01,030 - INFO - Нашли кнопку удаление и кликаем по ней
2024-03-22 08:44:01,149 - INFO - position: 17, 385
2024-03-22 08:44:01,763 - INFO - Нашли основную информацию, кликаем на нее
2024-03-22 08:44:01,763 - INFO - Скриншот удаленной учетки
2024-03-22 09:47:59,835 - INFO - --------Начало цикла--------
2024-03-22 09:48:00,073 - INFO - position: 15, 462
2024-03-22 09:48:00,683 - INFO - Найдена картинка Изменить свойства, кликаем на него
2024-03-22 09:48:00,839 - INFO - position: 864, 944
2024-03-22 09:48:01,448 - INFO - Нашли запрет приема платежей без галочки, кликаем по нему
2024-03-22 09:48:02,052 - INFO - Скролим вниз страницы
2024-03-22 09:48:02,183 - INFO - position: 1099, 970
2024-03-22 09:48:02,786 - INFO - Нашли сохранить и кликнули по ней
2024-03-22 09:48:03,637 - INFO - position: 15, 462
2024-03-22 09:48:04,249 - INFO - Нашли свойства 2
2024-03-22 09:48:04,376 - INFO - position: 1172, 349
2024-03-22 09:48:04,983 - INFO - Нашли изменение класса и кликнули по нему
2024-03-22 09:48:05,119 - INFO - position: 948, 371
2024-03-22 09:48:05,733 - INFO - Нашли кнопку удаление и кликаем по ней
2024-03-22 09:48:05,852 - INFO - position: 17, 369
2024-03-22 09:48:06,466 - INFO - Нашли основную информацию, кликаем на нее
2024-03-22 09:48:06,466 - INFO - Скриншот удаленной учетки
2024-03-22 09:58:00,580 - ERROR - Some trouble with the icon (C:\Users\rakov\PycharmProjects\Del_user_script\.113.ico): (2, 'LoadImage', 'Не удается найти указанный файл.')
2024-03-22 09:58:11,766 - ERROR - Some trouble with the icon (C:\Users\rakov\PycharmProjects\Del_user_script\.113.ico): (2, 'LoadImage', 'Не удается найти указанный файл.')
2024-03-25 08:49:10,721 - INFO - --------Начало цикла--------
2024-03-25 08:49:10,879 - INFO - position: 15, 462
2024-03-25 08:49:11,495 - INFO - Найдена картинка Изменить свойства, кликаем на него
2024-03-25 08:49:11,649 - INFO - position: 864, 944
2024-03-25 08:49:12,265 - INFO - Нашли запрет приема платежей без галочки, кликаем по нему
2024-03-25 08:49:12,866 - INFO - Скролим вниз страницы
2024-03-25 08:49:12,987 - INFO - position: 1099, 970
2024-03-25 08:49:13,588 - INFO - Нашли сохранить и кликнули по ней
2024-03-25 08:49:14,388 - INFO - position: 15, 462
2024-03-25 08:49:14,996 - INFO - Нашли свойства 2
2024-03-25 08:49:15,106 - INFO - position: 1172, 349
2024-03-25 08:49:15,712 - INFO - Нашли изменение класса и кликнули по нему
2024-03-25 08:49:15,882 - INFO - position: 948, 371
2024-03-25 08:49:16,495 - INFO - Нашли кнопку удаление и кликаем по ней
2024-03-25 08:49:16,642 - INFO - position: 17, 369
2024-03-25 08:49:17,245 - INFO - Нашли основную информацию, кликаем на нее
2024-03-25 08:49:17,246 - INFO - Скриншот удаленной учетки
2024-03-25 10:56:06,548 - INFO - --------Начало цикла--------
2024-03-25 10:56:06,918 - INFO - position: 15, 462
2024-03-25 10:56:07,536 - INFO - Найдена картинка Изменить свойства, кликаем на него
2024-03-25 10:56:07,666 - INFO - position: 864, 944
2024-03-25 10:56:08,271 - INFO - Нашли запрет приема платежей без галочки, кликаем по нему
2024-03-25 10:56:08,873 - INFO - Скролим вниз страницы
2024-03-25 10:56:09,018 - INFO - position: 1099, 970
2024-03-25 10:56:09,621 - INFO - Нашли сохранить и кликнули по ней
2024-03-25 10:56:10,405 - INFO - position: 15, 462
2024-03-25 10:56:11,019 - INFO - Нашли свойства 2
2024-03-25 10:56:11,122 - INFO - position: 1172, 349
2024-03-25 10:56:11,736 - INFO - Нашли изменение класса и кликнули по нему
2024-03-25 10:56:11,885 - INFO - position: 948, 371
2024-03-25 10:56:12,503 - INFO - Нашли кнопку удаление и кликаем по ней
2024-03-25 10:56:12,638 - INFO - position: 17, 369
2024-03-25 10:56:13,252 - INFO - Нашли основную информацию, кликаем на нее
2024-03-25 10:56:13,252 - INFO - Скриншот удаленной учетки
2024-03-25 17:00:13,049 - INFO - --------Начало цикла--------
2024-03-25 17:00:13,455 - INFO - position: 15, 462
2024-03-25 17:00:14,065 - INFO - Найдена картинка Изменить свойства, кликаем на него
2024-03-25 17:00:14,235 - INFO - position: 864, 944
2024-03-25 17:00:14,849 - INFO - Нашли запрет приема платежей без галочки, кликаем по нему
2024-03-25 17:00:15,452 - INFO - Скролим вниз страницы
2024-03-25 17:00:15,598 - INFO - position: 1099, 970
2024-03-25 17:00:16,200 - INFO - Нашли сохранить и кликнули по ней
2024-03-25 17:00:17,033 - INFO - position: 15, 462
2024-03-25 17:00:17,649 - INFO - Нашли свойства 2
2024-03-25 17:00:17,760 - INFO - position: 1172, 349
2024-03-25 17:00:18,366 - INFO - Нашли изменение класса и кликнули по нему
2024-03-25 17:00:18,527 - INFO - position: 948, 371
2024-03-25 17:00:19,131 - INFO - Нашли кнопку удаление и кликаем по ней
2024-03-25 17:00:19,276 - INFO - position: 17, 369
2024-03-25 17:00:19,883 - INFO - Нашли основную информацию, кликаем на нее
2024-03-25 17:00:19,883 - INFO - Скриншот удаленной учетки
2024-03-26 10:32:18,513 - INFO - --------Начало цикла--------
2024-03-26 10:32:18,864 - INFO - position: 15, 462
2024-03-26 10:32:19,484 - INFO - Найдена картинка Изменить свойства, кликаем на него
2024-03-26 10:32:19,617 - INFO - position: 864, 944
2024-03-26 10:32:20,233 - INFO - Нашли запрет приема платежей без галочки, кликаем по нему
2024-03-26 10:32:20,836 - INFO - Скролим вниз страницы
2024-03-26 10:32:20,938 - INFO - position: 1099, 970
2024-03-26 10:32:21,539 - INFO - Нашли сохранить и кликнули по ней
2024-03-26 10:32:22,413 - INFO - position: 15, 462
2024-03-26 10:32:23,017 - INFO - Нашли свойства 2
2024-03-26 10:32:23,141 - INFO - position: 1172, 349
2024-03-26 10:32:23,752 - INFO - Нашли изменение класса и кликнули по нему
2024-03-26 10:32:23,872 - INFO - position: 948, 371
2024-03-26 10:32:24,482 - INFO - Нашли кнопку удаление и кликаем по ней
2024-03-26 10:32:24,603 - INFO - position: 17, 369
2024-03-26 10:32:25,219 - INFO - Нашли основную информацию, кликаем на нее
2024-03-26 10:32:25,219 - INFO - Скриншот удаленной учетки
2024-03-26 11:40:07,351 - INFO - --------Начало цикла--------
2024-03-26 11:40:08,070 - INFO - position: 15, 478
2024-03-26 11:40:08,679 - INFO - Найдена картинка Изменить свойства, кликаем на него
2024-03-26 11:40:08,815 - INFO - position: 864, 960
2024-03-26 11:40:09,429 - INFO - Нашли запрет приема платежей без галочки, кликаем по нему
2024-03-26 11:40:10,031 - INFO - Скролим вниз страницы
2024-03-26 11:40:10,190 - INFO - position: 1099, 970
2024-03-26 11:40:10,792 - INFO - Нашли сохранить и кликнули по ней
2024-03-26 11:40:11,613 - INFO - position: 15, 478
2024-03-26 11:40:12,229 - INFO - Нашли свойства 2
2024-03-26 11:40:12,346 - INFO - position: 1172, 365
2024-03-26 11:40:12,962 - INFO - Нашли изменение класса и кликнули по нему
2024-03-26 11:40:13,120 - INFO - position: 948, 387
2024-03-26 11:40:13,730 - INFO - Нашли кнопку удаление и кликаем по ней
2024-03-26 11:40:13,909 - INFO - position: 17, 385
2024-03-26 11:40:14,529 - INFO - Нашли основную информацию, кликаем на нее
2024-03-26 11:40:14,529 - INFO - Скриншот удаленной учетки
2024-03-26 12:31:45,488 - INFO - --------Начало цикла--------
2024-03-26 12:31:45,836 - INFO - position: 15, 462
2024-03-26 12:31:46,455 - INFO - Найдена картинка Изменить свойства, кликаем на него
2024-03-26 12:31:46,605 - INFO - position: 864, 944
2024-03-26 12:31:47,221 - INFO - Нашли запрет приема платежей без галочки, кликаем по нему
2024-03-26 12:31:47,822 - INFO - Скролим вниз страницы
2024-03-26 12:31:47,970 - INFO - position: 1099, 970
2024-03-26 12:31:48,587 - INFO - Нашли сохранить и кликнули по ней
2024-03-26 12:31:49,399 - INFO - position: 15, 462
2024-03-26 12:31:50,004 - INFO - Нашли свойства 2
2024-03-26 12:31:50,146 - INFO - position: 1172, 349
2024-03-26 12:31:50,753 - INFO - Нашли изменение класса и кликнули по нему
2024-03-26 12:31:50,897 - INFO - position: 948, 371
2024-03-26 12:31:51,503 - INFO - Нашли кнопку удаление и кликаем по ней
2024-03-26 12:31:51,619 - INFO - position: 17, 369
2024-03-26 12:31:52,236 - INFO - Нашли основную информацию, кликаем на нее
2024-03-26 12:31:52,236 - INFO - Скриншот удаленной учетки
2024-03-26 13:05:46,558 - WARNING - Изображение не найдено
2024-03-26 13:10:09,967 - WARNING - Изображение не найдено
2024-03-26 13:10:12,744 - INFO - --------Начало цикла--------
2024-03-26 13:10:15,739 - WARNING - Изображение не найдено
2024-03-26 13:10:27,616 - INFO - --------Начало цикла--------
2024-03-26 13:10:30,703 - WARNING - Изображение не найдено
2024-03-26 13:10:35,944 - INFO - --------Начало цикла--------
2024-03-26 13:10:38,941 - WARNING - Изображение не найдено
2024-03-26 13:15:42,673 - INFO - --------Начало цикла--------
2024-03-26 13:15:45,682 - WARNING - Изображение не найдено
2024-03-26 13:21:38,008 - WARNING - Изображение не найдено
2024-03-26 13:25:48,347 - WARNING - Изображение не найдено
2024-03-26 13:26:20,040 - WARNING - Изображение не найдено
2024-03-26 13:30:13,653 - INFO - --------Начало цикла--------
2024-03-26 13:30:13,828 - INFO - position: 15, 269
2024-03-26 13:30:14,446 - INFO - Найдена картинка Изменить свойства, кликаем на него
2024-03-26 13:30:14,588 - INFO - position: 864, 944
2024-03-26 13:30:15,195 - INFO - Нашли запрет приема платежей без галочки, кликаем по нему
2024-03-26 13:30:15,798 - INFO - Скролим вниз страницы
2024-03-26 13:30:15,949 - INFO - position: 1099, 970
2024-03-26 13:30:16,551 - INFO - Нашли сохранить и кликнули по ней
2024-03-26 13:30:17,386 - INFO - position: 15, 462
2024-03-26 13:30:17,997 - INFO - Нашли свойства 2
2024-03-26 13:30:18,138 - INFO - position: 1172, 349
2024-03-26 13:30:18,746 - INFO - Нашли изменение класса и кликнули по нему
2024-03-26 13:30:18,864 - INFO - position: 948, 371
2024-03-26 13:30:19,478 - INFO - Нашли кнопку удаление и кликаем по ней
2024-03-26 13:30:19,624 - INFO - position: 17, 369
2024-03-26 13:30:20,228 - INFO - Нашли основную информацию, кликаем на нее
2024-03-26 13:30:20,228 - INFO - Скриншот удаленной учетки
2024-03-26 13:37:34,643 - INFO - --------Начало цикла--------
2024-03-26 13:37:37,781 - WARNING - Изображение не найдено
2024-03-26 13:37:38,282 - ERROR - не найдена картинка изменить свойства
2024-03-26 13:40:28,491 - INFO - --------Начало цикла--------
2024-03-26 13:40:31,583 - WARNING - Изображение не найдено
2024-03-26 13:40:32,084 - ERROR - не найдена картинка изменить свойства
2024-03-26 13:41:01,708 - INFO - --------Начало цикла--------
2024-03-26 13:41:01,887 - INFO - position: 15, 478
2024-03-26 13:41:02,501 - INFO - Найдена картинка Изменить свойства, кликаем на него
2024-03-26 13:41:02,699 - INFO - position: 864, 960
2024-03-26 13:41:03,317 - INFO - Нашли запрет приема платежей без галочки, кликаем по нему
2024-03-26 13:41:03,919 - INFO - Скролим вниз страницы
2024-03-26 13:41:04,073 - INFO - position: 1099, 970
2024-03-26 13:41:04,675 - INFO - Нашли сохранить и кликнули по ней
2024-03-26 13:41:05,561 - INFO - position: 15, 478
2024-03-26 13:41:06,170 - INFO - Нашли свойства 2
2024-03-26 13:41:06,270 - INFO - position: 1172, 365
2024-03-26 13:41:06,885 - INFO - Нашли изменение класса и кликнули по нему
2024-03-26 13:41:07,029 - INFO - position: 948, 387
2024-03-26 13:41:07,635 - INFO - Нашли кнопку удаление и кликаем по ней
2024-03-26 13:41:07,809 - INFO - position: 17, 385
2024-03-26 13:41:08,419 - INFO - Нашли основную информацию, кликаем на нее
2024-03-26 13:41:08,419 - INFO - Скриншот удаленной учетки
2024-03-26 13:45:30,162 - INFO - --------Начало цикла--------
2024-03-26 13:45:30,366 - INFO - position: 15, 478
2024-03-26 13:45:30,983 - INFO - Найдена картинка Изменить свойства, кликаем на него
2024-03-26 13:45:31,104 - INFO - position: 864, 960
2024-03-26 13:45:31,716 - INFO - Нашли запрет приема платежей без галочки, кликаем по нему
2024-03-26 13:45:32,319 - INFO - Скролим вниз страницы
2024-03-26 13:45:32,441 - INFO - position: 1099, 970
2024-03-26 13:45:33,043 - INFO - Нашли сохранить и кликнули по ней
2024-03-26 13:45:33,872 - INFO - position: 15, 478
2024-03-26 13:45:34,483 - INFO - Нашли свойства 2
2024-03-26 13:45:34,599 - INFO - position: 1172, 365
2024-03-26 13:45:35,216 - INFO - Нашли изменение класса и кликнули по нему
2024-03-26 13:45:35,380 - INFO - position: 948, 387
2024-03-26 13:45:35,983 - INFO - Нашли кнопку удаление и кликаем по ней
2024-03-26 13:45:36,152 - INFO - position: 17, 385
2024-03-26 13:45:36,766 - INFO - Нашли основную информацию, кликаем на нее
2024-03-26 13:45:36,766 - INFO - Скриншот удаленной учетки
2024-03-26 13:46:53,634 - INFO - --------Начало цикла--------
2024-03-26 13:46:53,824 - INFO - position: 15, 462
2024-03-26 13:46:54,432 - INFO - Найдена картинка Изменить свойства, кликаем на него
2024-03-26 13:46:54,584 - INFO - position: 864, 944
2024-03-26 13:46:55,200 - INFO - Нашли запрет приема платежей без галочки, кликаем по нему
2024-03-26 13:46:55,802 - INFO - Скролим вниз страницы
2024-03-26 13:46:55,947 - INFO - position: 1099, 970
2024-03-26 13:46:56,549 - INFO - Нашли сохранить и кликнули по ней
2024-03-26 13:46:57,410 - INFO - position: 15, 462
2024-03-26 13:46:58,016 - INFO - Нашли свойства 2
2024-03-26 13:46:58,119 - INFO - position: 1172, 349
2024-03-26 13:46:58,732 - INFO - Нашли изменение класса и кликнули по нему
2024-03-26 13:46:58,852 - INFO - position: 948, 371
2024-03-26 13:46:59,465 - INFO - Нашли кнопку удаление и кликаем по ней
2024-03-26 13:46:59,583 - INFO - position: 17, 369
2024-03-26 13:47:00,199 - INFO - Нашли основную информацию, кликаем на нее
2024-03-26 13:47:00,199 - INFO - Скриншот удаленной учетки
2024-03-26 14:04:49,757 - INFO - --------Начало цикла--------
2024-03-26 14:04:52,814 - WARNING - Изображение не найдено
2024-03-26 14:04:53,315 - ERROR - не найдена картинка изменить свойства
2024-03-26 14:06:10,337 - INFO - --------Начало цикла--------
2024-03-26 14:06:10,558 - INFO - position: 15, 478
2024-03-26 14:06:11,171 - INFO - Найдена картинка Изменить свойства, кликаем на него
2024-03-26 14:06:11,299 - INFO - position: 864, 960
2024-03-26 14:06:11,904 - INFO - Нашли запрет приема платежей без галочки, кликаем по нему
2024-03-26 14:06:12,507 - INFO - Скролим вниз страницы
2024-03-26 14:06:12,640 - INFO - position: 1099, 970
2024-03-26 14:06:13,242 - INFO - Нашли сохранить и кликнули по ней
2024-03-26 14:06:14,069 - INFO - position: 15, 478
2024-03-26 14:06:14,690 - INFO - Нашли свойства 2
2024-03-26 14:06:14,810 - INFO - position: 1172, 365
2024-03-26 14:06:15,421 - INFO - Нашли изменение класса и кликнули по нему
2024-03-26 14:06:15,574 - INFO - position: 948, 387
2024-03-26 14:06:16,189 - INFO - Нашли кнопку удаление и кликаем по ней
2024-03-26 14:06:16,345 - INFO - position: 17, 385
2024-03-26 14:06:16,957 - INFO - Нашли основную информацию, кликаем на нее
2024-03-26 14:06:16,957 - INFO - Скриншот удаленной учетки
2024-03-26 14:07:22,754 - INFO - --------Начало цикла--------
2024-03-26 14:07:22,907 - INFO - position: 15, 478
2024-03-26 14:07:23,523 - INFO - Найдена картинка Изменить свойства, кликаем на него
2024-03-26 14:07:23,640 - INFO - position: 864, 960
2024-03-26 14:07:24,256 - INFO - Нашли запрет приема платежей без галочки, кликаем по нему
2024-03-26 14:07:24,859 - INFO - Скролим вниз страницы
2024-03-26 14:07:24,981 - INFO - position: 1099, 970
2024-03-26 14:07:25,584 - INFO - Нашли сохранить и кликнули по ней
2024-03-26 14:07:26,460 - INFO - position: 15, 478
2024-03-26 14:07:27,074 - INFO - Нашли свойства 2
2024-03-26 14:07:27,174 - INFO - position: 1172, 365
2024-03-26 14:07:27,789 - INFO - Нашли изменение класса и кликнули по нему
2024-03-26 14:07:27,934 - INFO - position: 948, 387
2024-03-26 14:07:28,540 - INFO - Нашли кнопку удаление и кликаем по ней
2024-03-26 14:07:28,697 - INFO - position: 17, 385
2024-03-26 14:07:29,308 - INFO - Нашли основную информацию, кликаем на нее
2024-03-26 14:07:29,308 - INFO - Скриншот удаленной учетки
2024-03-26 14:30:52,042 - INFO - --------Начало цикла--------
2024-03-26 14:30:52,709 - INFO - position: 15, 462
2024-03-26 14:30:53,321 - INFO - Найдена картинка Изменить свойства, кликаем на него
2024-03-26 14:30:53,454 - INFO - position: 864, 944
2024-03-26 14:30:54,072 - INFO - Нашли запрет приема платежей без галочки, кликаем по нему
2024-03-26 14:30:54,674 - INFO - Скролим вниз страницы
2024-03-26 14:30:54,768 - INFO - position: 1099, 970
2024-03-26 14:30:55,371 - INFO - Нашли сохранить и кликнули по ней
2024-03-26 14:30:56,232 - INFO - position: 15, 462
2024-03-26 14:30:56,838 - INFO - Нашли свойства 2
2024-03-26 14:30:56,956 - INFO - position: 1172, 349
2024-03-26 14:30:57,572 - INFO - Нашли изменение класса и кликнули по нему
2024-03-26 14:30:57,685 - INFO - position: 948, 371
2024-03-26 14:30:58,288 - INFO - Нашли кнопку удаление и кликаем по ней
2024-03-26 14:30:58,418 - INFO - position: 17, 369
2024-03-26 14:30:59,022 - INFO - Нашли основную информацию, кликаем на нее
2024-03-26 14:30:59,024 - INFO - Скриншот удаленной учетки
2024-03-26 14:32:48,298 - INFO - --------Начало цикла--------
2024-03-26 14:32:48,457 - INFO - position: 15, 462
2024-03-26 14:32:49,071 - INFO - Найдена картинка Изменить свойства, кликаем на него
2024-03-26 14:32:49,239 - INFO - position: 864, 944
2024-03-26 14:32:49,854 - INFO - Нашли запрет приема платежей без галочки, кликаем по нему
2024-03-26 14:32:50,457 - INFO - Скролим вниз страницы
2024-03-26 14:32:50,605 - INFO - position: 1099, 970
2024-03-26 14:32:51,208 - INFO - Нашли сохранить и кликнули по ней
2024-03-26 14:32:52,053 - INFO - position: 15, 462
2024-03-26 14:32:52,670 - INFO - Нашли свойства 2
2024-03-26 14:32:52,768 - INFO - position: 1172, 349
2024-03-26 14:32:53,388 - INFO - Нашли изменение класса и кликнули по нему
2024-03-26 14:32:53,529 - INFO - position: 948, 371
2024-03-26 14:32:54,137 - INFO - Нашли кнопку удаление и кликаем по ней
2024-03-26 14:32:54,255 - INFO - position: 17, 369
2024-03-26 14:32:54,872 - INFO - Нашли основную информацию, кликаем на нее
2024-03-26 14:32:54,872 - INFO - Скриншот удаленной учетки
2024-03-26 14:33:26,714 - INFO - --------Начало цикла--------
2024-03-26 14:33:26,866 - INFO - position: 15, 462
2024-03-26 14:33:27,471 - INFO - Найдена картинка Изменить свойства, кликаем на него
2024-03-26 14:33:27,615 - INFO - position: 864, 916
2024-03-26 14:33:28,220 - INFO - Нашли запрет приема платежей без галочки, кликаем по нему
2024-03-26 14:33:28,823 - INFO - Скролим вниз страницы
2024-03-26 14:33:28,947 - INFO - position: 1099, 970
2024-03-26 14:33:29,549 - INFO - Нашли сохранить и кликнули по ней
2024-03-26 14:33:30,396 - INFO - position: 15, 462
2024-03-26 14:33:31,004 - INFO - Нашли свойства 2
2024-03-26 14:33:31,136 - INFO - position: 1172, 349
2024-03-26 14:33:31,754 - INFO - Нашли изменение класса и кликнули по нему
2024-03-26 14:33:31,877 - INFO - position: 899, 371
2024-03-26 14:33:32,488 - INFO - Нашли кнопку удаление и кликаем по ней
2024-03-26 14:33:32,631 - INFO - position: 17, 369
2024-03-26 14:33:33,239 - INFO - Нашли основную информацию, кликаем на нее
2024-03-26 14:33:33,239 - INFO - Скриншот удаленной учетки
2024-03-26 14:46:54,596 - INFO - --------Начало цикла--------
2024-03-26 14:46:57,747 - WARNING - Изображение не найдено
2024-03-26 14:46:58,248 - ERROR - не найдена картинка изменить свойства
2024-03-26 14:48:00,412 - INFO - --------Начало цикла--------
2024-03-26 14:48:03,480 - WARNING - Изображение не найдено
2024-03-26 14:48:03,981 - ERROR - не найдена картинка изменить свойства
2024-03-26 14:50:12,660 - INFO - --------Начало цикла--------
2024-03-26 14:50:12,809 - INFO - position: 15, 478
2024-03-26 14:50:13,414 - INFO - Найдена картинка Изменить свойства, кликаем на него
2024-03-26 14:50:13,550 - INFO - position: 864, 960
2024-03-26 14:50:14,164 - INFO - Нашли запрет приема платежей без галочки, кликаем по нему
2024-03-26 14:50:14,765 - INFO - Скролим вниз страницы
2024-03-26 14:50:14,924 - INFO - position: 1099, 970
2024-03-26 14:50:15,526 - INFO - Нашли сохранить и кликнули по ней
2024-03-26 14:50:16,352 - INFO - position: 15, 478
2024-03-26 14:50:16,964 - INFO - Нашли свойства 2
2024-03-26 14:50:17,085 - INFO - position: 1172, 365
2024-03-26 14:50:17,697 - INFO - Нашли изменение класса и кликнули по нему
2024-03-26 14:50:17,864 - INFO - position: 948, 387
2024-03-26 14:50:18,480 - INFO - Нашли кнопку удаление и кликаем по ней
2024-03-26 14:50:18,632 - INFO - position: 17, 385
2024-03-26 14:50:19,247 - INFO - Нашли основную информацию, кликаем на нее
2024-03-26 14:50:19,247 - INFO - Скриншот удаленной учетки
2024-03-26 15:01:12,693 - INFO - --------Начало цикла--------
2024-03-26 15:01:15,805 - WARNING - Изображение не найдено
2024-03-26 15:01:16,305 - ERROR - не найдена картинка изменить свойства
2024-03-26 15:01:27,253 - INFO - --------Начало цикла--------
2024-03-26 15:01:30,263 - WARNING - Изображение не найдено
2024-03-26 15:01:30,765 - ERROR - не найдена картинка изменить свойства
2024-03-26 15:04:50,723 - INFO - --------Начало цикла--------
2024-03-26 15:04:53,638 - WARNING - Изображение не найдено
2024-03-26 15:04:54,139 - ERROR - не найдена картинка изменить свойства
2024-03-26 15:08:27,665 - INFO - --------Начало цикла--------
2024-03-26 15:08:30,749 - WARNING - Изображение не найдено
2024-03-26 15:08:31,250 - ERROR - не найдена картинка изменить свойства
2024-03-26 15:08:37,710 - INFO - --------Начало цикла--------
2024-03-26 15:08:40,766 - WARNING - Изображение не найдено
2024-03-26 15:08:41,267 - ERROR - не найдена картинка изменить свойства
2024-03-26 15:09:46,925 - INFO - --------Начало цикла--------
2024-03-26 15:09:49,818 - WARNING - Изображение не найдено
2024-03-26 15:09:50,301 - ERROR - не найдена картинка изменить свойства
2024-03-26 15:09:51,907 - INFO - --------Начало цикла--------
2024-03-26 15:09:54,804 - WARNING - Изображение не найдено
2024-03-26 15:09:55,289 - ERROR - не найдена картинка изменить свойства
2024-03-26 15:12:14,895 - INFO - --------Начало цикла--------
2024-03-26 15:12:17,747 - WARNING - Изображение не найдено
2024-03-26 15:12:18,230 - ERROR - не найдена картинка изменить свойства
2024-03-26 15:12:18,776 - INFO - --------Начало цикла--------
2024-03-26 15:12:21,649 - WARNING - Изображение не найдено
2024-03-26 15:12:22,132 - ERROR - не найдена картинка изменить свойства
2024-03-26 15:12:22,695 - INFO - --------Начало цикла--------
2024-03-26 15:12:25,515 - WARNING - Изображение не найдено
2024-03-26 15:12:25,999 - ERROR - не найдена картинка изменить свойства
2024-03-26 15:12:26,531 - INFO - --------Начало цикла--------
2024-03-26 15:12:29,466 - WARNING - Изображение не найдено
2024-03-26 15:12:29,951 - ERROR - не найдена картинка изменить свойства
2024-03-26 15:12:30,497 - INFO - --------Начало цикла--------
2024-03-26 15:12:51,246 - INFO - --------Начало цикла--------
2024-03-26 15:12:54,156 - WARNING - Изображение не найдено
2024-03-26 15:12:54,640 - ERROR - не найдена картинка изменить свойства
2024-03-26 15:12:57,192 - INFO - --------Начало цикла--------
2024-03-26 15:13:00,058 - WARNING - Изображение не найдено
2024-03-26 15:13:00,542 - ERROR - не найдена картинка изменить свойства
2024-03-26 15:25:23,489 - INFO - --------Начало цикла--------
2024-03-26 15:25:23,675 - INFO - position: 15, 478
2024-03-26 15:25:24,294 - INFO - Найдена картинка Изменить свойства, кликаем на него
2024-03-26 15:25:24,469 - INFO - position: 864, 960
2024-03-26 15:25:25,076 - INFO - Нашли запрет приема платежей без галочки, кликаем по нему
2024-03-26 15:25:25,676 - INFO - Скролим вниз страницы
2024-03-26 15:25:25,795 - INFO - position: 1099, 970
2024-03-26 15:25:26,404 - INFO - Нашли сохранить и кликнули по ней
2024-03-26 15:25:27,233 - INFO - position: 15, 478
2024-03-26 15:25:27,834 - INFO - Нашли свойства 2
2024-03-26 15:25:27,934 - INFO - position: 1172, 365
2024-03-26 15:25:28,549 - INFO - Нашли изменение класса и кликнули по нему
2024-03-26 15:25:28,682 - INFO - position: 948, 387
2024-03-26 15:25:29,297 - INFO - Нашли кнопку удаление и кликаем по ней
2024-03-26 15:25:29,445 - INFO - position: 17, 385
2024-03-26 15:25:30,061 - INFO - Нашли основную информацию, кликаем на нее
2024-03-26 15:25:30,061 - INFO - Скриншот удаленной учетки
2024-03-26 15:47:51,942 - INFO - --------Начало цикла--------
2024-03-26 15:47:55,147 - WARNING - Изображение не найдено
2024-03-26 15:47:55,648 - ERROR - не найдена картинка изменить свойства
2024-03-26 15:49:20,331 - INFO - --------Начало цикла--------
2024-03-26 15:49:23,330 - WARNING - Изображение не найдено
2024-03-26 15:49:23,832 - ERROR - не найдена картинка изменить свойства
2024-03-26 15:49:25,387 - INFO - --------Начало цикла--------
2024-03-26 15:49:28,469 - WARNING - Изображение не найдено
2024-03-26 15:49:28,970 - ERROR - не найдена картинка изменить свойства
2024-03-26 15:50:10,642 - INFO - --------Начало цикла--------
2024-03-26 15:50:13,652 - WARNING - Изображение не найдено
2024-03-26 15:50:14,154 - ERROR - не найдена картинка изменить свойства
2024-03-26 15:50:17,370 - INFO - --------Начало цикла--------
2024-03-26 15:50:20,356 - WARNING - Изображение не найдено
2024-03-26 15:50:20,857 - ERROR - не найдена картинка изменить свойства
2024-03-26 17:03:48,890 - INFO - --------Начало цикла--------
2024-03-26 17:04:43,820 - INFO - --------Начало цикла--------
2024-03-26 17:05:00,971 - INFO - --------Начало цикла--------
2024-03-26 17:05:25,924 - INFO - --------Начало цикла--------
2024-03-26 17:05:43,804 - INFO - --------Начало цикла--------
2024-03-26 17:06:31,852 - INFO - --------Начало цикла--------
2024-03-26 17:06:51,260 - INFO - --------Начало цикла--------
2024-03-26 17:07:15,595 - INFO - --------Начало цикла--------
2024-03-26 17:07:18,702 - WARNING - Изображение не найдено
2024-03-26 17:07:19,203 - ERROR - не найдена картинка изменить свойства
2024-03-26 17:07:23,612 - INFO - --------Начало цикла--------
2024-03-26 17:07:26,565 - WARNING - Изображение не найдено
2024-03-26 17:07:27,066 - ERROR - не найдена картинка изменить свойства
2024-03-26 17:10:24,477 - INFO - --------Начало цикла--------
2024-03-26 17:12:11,572 - INFO - --------Начало цикла--------
2024-03-26 17:12:22,883 - INFO - --------Начало цикла--------
2024-03-26 17:12:25,891 - WARNING - Изображение не найдено
2024-03-26 17:12:26,392 - ERROR - не найдена картинка изменить свойства
2024-03-26 17:22:23,650 - INFO - --------Начало цикла--------
2024-03-26 17:23:47,329 - INFO - --------Начало цикла--------
2024-03-26 17:25:31,067 - INFO - --------Начало цикла--------
2024-03-26 17:25:34,062 - WARNING - Изображение не найдено
2024-03-26 17:25:34,563 - ERROR - не найдена картинка изменить свойства
2024-03-27 08:06:36,248 - INFO - --------Начало цикла--------
2024-03-27 08:06:53,528 - INFO - --------Начало цикла--------
2024-03-27 08:06:56,611 - WARNING - Изображение не найдено
2024-03-27 08:06:57,111 - ERROR - не найдена картинка изменить свойства
2024-03-27 08:07:15,448 - INFO - --------Начало цикла--------
2024-03-27 08:07:31,641 - INFO - --------Начало цикла--------
2024-03-27 08:07:39,530 - INFO - --------Начало цикла--------
2024-03-27 08:07:48,609 - INFO - --------Начало цикла--------
2024-03-27 08:07:55,426 - INFO - --------Начало цикла--------
2024-03-27 08:24:01,994 - INFO - --------Начало цикла--------
2024-03-27 08:24:12,882 - INFO - --------Начало цикла--------
2024-03-27 08:25:35,344 - INFO - --------Начало цикла--------
2024-03-27 08:28:18,207 - INFO - --------Начало цикла--------
2024-03-27 08:30:47,111 - INFO - --------Начало цикла--------
2024-03-27 08:35:57,428 - INFO - --------Начало цикла--------
2024-03-27 08:36:35,292 - INFO - --------Начало цикла--------
2024-03-27 08:36:48,123 - INFO - --------Начало цикла--------
2024-03-27 08:37:11,381 - INFO - --------Начало цикла--------
2024-03-27 08:37:49,180 - INFO - --------Начало цикла--------
2024-03-27 08:38:06,676 - INFO - --------Начало цикла--------
2024-03-27 08:38:09,758 - WARNING - Изображение не найдено
2024-03-27 08:38:10,260 - ERROR - не найдена картинка изменить свойства
2024-03-27 08:39:14,500 - INFO - --------Начало цикла--------
2024-03-27 08:42:40,122 - INFO - --------Начало цикла--------
2024-03-27 08:43:02,849 - INFO - --------Начало цикла--------
2024-03-27 08:43:05,805 - WARNING - Изображение не найдено
2024-03-27 08:43:06,307 - ERROR - не найдена картинка изменить свойства
2024-03-27 08:44:08,360 - INFO - --------Начало цикла--------
2024-03-27 08:44:17,344 - INFO - --------Начало цикла--------
2024-03-27 08:46:33,992 - INFO - --------Начало цикла--------
2024-03-27 08:46:50,384 - INFO - --------Начало цикла--------
2024-03-27 08:46:53,335 - WARNING - Изображение не найдено
2024-03-27 08:46:53,836 - ERROR - не найдена картинка изменить свойства
2024-03-27 08:47:42,959 - INFO - --------Начало цикла--------
2024-03-27 08:47:45,934 - WARNING - Изображение не найдено
2024-03-27 08:47:46,436 - ERROR - не найдена картинка изменить свойства
2024-03-27 08:52:15,573 - INFO - --------Начало цикла--------
2024-03-27 08:52:18,478 - WARNING - Изображение не найдено
2024-03-27 08:52:18,979 - ERROR - не найдена картинка изменить свойства
2024-03-27 08:53:53,414 - INFO - --------Начало цикла--------
2024-03-27 08:53:53,575 - INFO - position: 15, 462
2024-03-27 08:53:54,184 - INFO - Найдена картинка Изменить свойства, кликаем на него
2024-03-27 08:53:54,305 - INFO - position: 864, 944
2024-03-27 08:53:54,917 - INFO - Нашли запрет приема платежей без галочки, кликаем по нему
2024-03-27 08:53:55,520 - INFO - Скролим вниз страницы
2024-03-27 08:53:55,645 - INFO - position: 1099, 970
2024-03-27 08:53:56,247 - INFO - Нашли сохранить и кликнули по ней
2024-03-27 08:53:56,797 - INFO - position: 15, 462
2024-03-27 08:53:57,401 - INFO - Нашли свойства 2
2024-03-27 08:53:57,537 - INFO - position: 1172, 349
2024-03-27 08:53:58,151 - INFO - Нашли изменение класса и кликнули по нему
2024-03-27 08:53:58,267 - INFO - position: 948, 371
2024-03-27 08:53:58,884 - INFO - Нашли кнопку удаление и кликаем по ней
2024-03-27 08:53:59,043 - INFO - position: 17, 369
2024-03-27 08:53:59,650 - INFO - Нашли основную информацию, кликаем на нее
2024-03-27 08:53:59,651 - INFO - Скриншот удаленной учетки
2024-03-27 09:15:22,172 - INFO - --------Начало цикла--------
2024-03-27 09:15:25,127 - WARNING - Изображение не найдено
2024-03-27 09:15:25,600 - ERROR - не найдена картинка изменить свойства
2024-03-27 09:52:28,852 - INFO - --------Начало цикла--------
2024-03-27 09:52:29,481 - INFO - position: 15, 478
2024-03-27 09:52:30,094 - INFO - Найдена картинка Изменить свойства, кликаем на него
2024-03-27 09:52:30,252 - INFO - position: 864, 960
2024-03-27 09:52:30,854 - INFO - Нашли запрет приема платежей без галочки, кликаем по нему
2024-03-27 09:52:31,453 - INFO - Скролим вниз страницы
2024-03-27 09:52:31,577 - INFO - position: 1099, 970
2024-03-27 09:52:32,175 - INFO - Нашли сохранить и кликнули по ней
2024-03-27 09:52:32,996 - INFO - position: 15, 478
2024-03-27 09:52:33,602 - INFO - Нашли свойства 2
2024-03-27 09:52:33,725 - INFO - position: 1172, 365
2024-03-27 09:52:34,330 - INFO - Нашли изменение класса и кликнули по нему
2024-03-27 09:52:34,510 - INFO - position: 948, 387
2024-03-27 09:52:35,124 - INFO - Нашли кнопку удаление и кликаем по ней
2024-03-27 09:52:35,265 - INFO - position: 17, 385
2024-03-27 09:52:35,868 - INFO - Нашли основную информацию, кликаем на нее
2024-03-27 09:52:35,868 - INFO - Скриншот удаленной учетки
2024-03-27 09:54:43,804 - INFO - --------Начало цикла--------
2024-03-27 09:54:44,015 - INFO - position: 15, 478
2024-03-27 09:54:44,620 - INFO - Найдена картинка Изменить свойства, кликаем на него
2024-03-27 09:54:44,772 - INFO - position: 864, 960
2024-03-27 09:54:45,381 - INFO - Нашли запрет приема платежей без галочки, кликаем по нему
2024-03-27 09:54:45,980 - INFO - Скролим вниз страницы
2024-03-27 09:54:46,111 - INFO - position: 1099, 970
2024-03-27 09:54:46,709 - INFO - Нашли сохранить и кликнули по ней
2024-03-27 09:54:47,503 - INFO - position: 15, 478
2024-03-27 09:54:48,111 - INFO - Нашли свойства 2
2024-03-27 09:54:48,215 - INFO - position: 1172, 365
2024-03-27 09:54:48,823 - INFO - Нашли изменение класса и кликнули по нему
2024-03-27 09:54:48,996 - INFO - position: 948, 387
2024-03-27 09:54:49,601 - INFO - Нашли кнопку удаление и кликаем по ней
2024-03-27 09:54:49,714 - INFO - position: 17, 385
2024-03-27 09:54:50,329 - INFO - Нашли основную информацию, кликаем на нее
2024-03-27 09:54:50,329 - INFO - Скриншот удаленной учетки
2024-03-27 09:59:03,415 - INFO - --------Начало цикла--------
2024-03-27 09:59:03,592 - INFO - position: 15, 478
2024-03-27 09:59:04,196 - INFO - Найдена картинка Изменить свойства, кликаем на него
2024-03-27 09:59:04,345 - INFO - position: 864, 960
2024-03-27 09:59:04,960 - INFO - Нашли запрет приема платежей без галочки, кликаем по нему
2024-03-27 09:59:05,565 - INFO - Скролим вниз страницы
2024-03-27 09:59:05,658 - INFO - position: 1099, 970
2024-03-27 09:59:06,259 - INFO - Нашли сохранить и кликнули по ней
2024-03-27 09:59:06,759 - INFO - position: 15, 478
2024-03-27 09:59:07,370 - INFO - Нашли свойства 2
2024-03-27 09:59:07,472 - INFO - position: 1172, 365
2024-03-27 09:59:08,084 - INFO - Нашли изменение класса и кликнули по нему
2024-03-27 09:59:08,245 - INFO - position: 948, 387
2024-03-27 09:59:08,847 - INFO - Нашли кнопку удаление и кликаем по ней
2024-03-27 09:59:08,982 - INFO - position: 17, 385
2024-03-27 09:59:09,596 - INFO - Нашли основную информацию, кликаем на нее
2024-03-27 09:59:09,596 - INFO - Скриншот удаленной учетки
2024-03-27 10:01:20,134 - INFO - --------Начало цикла--------
2024-03-27 10:01:23,015 - WARNING - Изображение не найдено
2024-03-27 10:01:23,515 - ERROR - не найдена картинка изменить свойства
2024-03-27 10:01:49,109 - INFO - --------Начало цикла--------
2024-03-27 10:01:49,281 - INFO - position: 15, 478
2024-03-27 10:01:49,889 - INFO - Найдена картинка Изменить свойства, кликаем на него
2024-03-27 10:01:50,009 - INFO - position: 864, 960
2024-03-27 10:01:50,620 - INFO - Нашли запрет приема платежей без галочки, кликаем по нему
2024-03-27 10:01:51,221 - INFO - Скролим вниз страницы
2024-03-27 10:01:51,365 - INFO - position: 1099, 970
2024-03-27 10:01:51,969 - INFO - Нашли сохранить и кликнули по ней
2024-03-27 10:01:52,753 - INFO - position: 15, 478
2024-03-27 10:01:53,368 - INFO - Нашли свойства 2
2024-03-27 10:01:53,513 - INFO - position: 1172, 365
2024-03-27 10:01:54,116 - INFO - Нашли изменение класса и кликнули по нему
2024-03-27 10:01:54,264 - INFO - position: 948, 387
2024-03-27 10:01:54,882 - INFO - Нашли кнопку удаление и кликаем по ней
2024-03-27 10:01:55,005 - INFO - position: 17, 385
2024-03-27 10:01:55,614 - INFO - Нашли основную информацию, кликаем на нее
2024-03-27 10:01:55,614 - INFO - Скриншот удаленной учетки
2024-03-27 10:48:22,587 - INFO - --------Начало цикла--------
2024-03-27 10:48:25,859 - WARNING - Изображение не найдено
2024-03-27 10:48:26,361 - ERROR - не найдена картинка изменить свойства
2024-03-27 11:07:59,860 - INFO - --------Начало цикла--------
2024-03-27 11:08:02,859 - WARNING - Изображение не найдено
2024-03-27 11:08:03,361 - ERROR - не найдена картинка изменить свойства
2024-03-27 11:19:51,870 - INFO - --------Начало цикла--------
2024-03-27 11:19:54,897 - WARNING - Изображение не найдено
2024-03-27 11:19:55,398 - ERROR - не найдена картинка изменить свойства
2024-03-27 11:20:07,632 - INFO - --------Начало цикла--------
2024-03-27 11:20:10,536 - WARNING - Изображение не найдено
2024-03-27 11:20:11,037 - ERROR - не найдена картинка изменить свойства
2024-03-27 11:20:45,137 - INFO - --------Начало цикла--------
2024-03-27 11:20:48,183 - WARNING - Изображение не найдено
2024-03-27 11:20:48,684 - ERROR - не найдена картинка изменить свойства
2024-03-27 11:20:55,776 - INFO - --------Начало цикла--------
2024-03-27 11:20:58,748 - WARNING - Изображение не найдено
2024-03-27 11:20:59,248 - ERROR - не найдена картинка изменить свойства
2024-03-27 11:38:42,491 - INFO - --------Начало цикла--------
2024-03-27 11:38:49,497 - WARNING - Изображение не найдено
2024-03-27 11:38:49,998 - ERROR - не найдена картинка изменить свойства
2024-03-27 12:09:32,925 - INFO - --------Начало цикла--------
2024-03-27 12:09:36,062 - WARNING - Изображение не найдено
2024-03-27 12:09:36,562 - ERROR - не найдена картинка изменить свойства
2024-03-27 12:11:54,045 - INFO - --------Начало цикла--------
2024-03-27 12:11:57,188 - WARNING - Изображение не найдено
2024-03-27 12:11:57,689 - ERROR - не найдена картинка изменить свойства
2024-03-27 14:12:44,822 - INFO - --------Начало цикла--------
2024-03-27 14:12:45,018 - INFO - position: 15, 462
2024-03-27 14:12:45,638 - INFO - Найдена картинка Изменить свойства, кликаем на него
2024-03-27 14:12:45,800 - INFO - position: 864, 944
2024-03-27 14:12:46,404 - INFO - Нашли запрет приема платежей без галочки, кликаем по нему
2024-03-27 14:12:47,008 - INFO - Скролим вниз страницы
2024-03-27 14:12:47,138 - INFO - position: 1099, 970
2024-03-27 14:12:47,741 - INFO - Нашли сохранить и кликнули по ней
2024-03-27 14:12:48,543 - INFO - position: 15, 462
2024-03-27 14:12:49,154 - INFO - Нашли свойства 2
2024-03-27 14:12:49,261 - INFO - position: 1172, 349
2024-03-27 14:12:49,871 - INFO - Нашли изменение класса и кликнули по нему
2024-03-27 14:12:50,000 - INFO - position: 948, 371
2024-03-27 14:12:50,604 - INFO - Нашли кнопку удаление и кликаем по ней
2024-03-27 14:12:50,757 - INFO - position: 17, 369
2024-03-27 14:12:51,372 - INFO - Нашли основную информацию, кликаем на нее
2024-03-27 14:12:51,372 - INFO - Скриншот удаленной учетки
